Base path: C:/Program Files (x86)/Unity/Editor/Data
Pipe name: \\.\pipe\UnityShaderCompiler-1-2124
Cmd: getPlatforms
Cmd: preprocess
  insize=430 outsize=1175 ok=1
Cmd: preprocess
  insize=430 outsize=1175 ok=1
Cmd: preprocess
  insize=430 outsize=1175 ok=1
Cmd: preprocess
  insize=430 outsize=1175 ok=1
Cmd: preprocess
  insize=429 outsize=1173 ok=1
Cmd: compileSnippet
  api=4 type=0 insize=4280 outsize=2607 kw=DIRECTIONAL SHADOWS_OFF LIGHTMAP_OFF DIRLIGHTMAP_OFF ok=1
Cmd: compileSnippet
  api=4 type=1 insize=4280 outsize=1128 kw=DIRECTIONAL SHADOWS_OFF LIGHTMAP_OFF DIRLIGHTMAP_OFF ok=1
Cmd: compileSnippet
  api=4 type=0 insize=2121 outsize=2688 kw=POINT ok=1
Cmd: compileSnippet
  api=4 type=1 insize=2121 outsize=1282 kw=POINT ok=1
Cmd: compileSnippet
  api=4 type=0 insize=1784 outsize=1477 kw= ok=1
Cmd: compileSnippet
  api=4 type=1 insize=1784 outsize=632 kw= ok=1
Cmd: compileSnippet
  api=4 type=0 insize=3997 outsize=2883 kw=LIGHTMAP_OFF DIRLIGHTMAP_OFF HDR_LIGHT_PREPASS_OFF ok=1
Cmd: compileSnippet
  api=4 type=1 insize=3997 outsize=1095 kw=LIGHTMAP_OFF DIRLIGHTMAP_OFF HDR_LIGHT_PREPASS_OFF ok=1
Cmd: preprocess
  error: 1 plat 12 at (32): Malformed #include (no start quote found): #include UnityCG.cginc
  insize=2436 outsize=1242 ok=1
Cmd: compileSnippet
  error: 2 plat 4 at (32): syntax error : unexpected token '.'
  error: 2 plat 4 at (32): syntax error : unexpected token 'UnityCG'
  error: 2 plat 4 at (56): undeclared identifier 'TRANSFORM_TEX'
  api=4 type=0 insize=1493 outsize=0 kw= ok=0
Cmd: preprocess
  error: 1 plat 12 at (32): Malformed #include (no start quote found): #include UnityCG.cginc
  insize=2437 outsize=1243 ok=1
Cmd: compileSnippet
  error: 2 plat 4 at (32): syntax error : unexpected token '.'
  error: 2 plat 4 at (32): syntax error : unexpected token 'UnityCG'
  error: 2 plat 4 at (56): undeclared identifier 'TRANSFORM_TEX'
  api=4 type=0 insize=1493 outsize=0 kw= ok=0
Cmd: preprocess
  insize=2439 outsize=1242 ok=1
Cmd: compileSnippet
  api=4 type=0 insize=1495 outsize=1274 kw= ok=1
Cmd: compileSnippet
  api=4 type=1 insize=1495 outsize=892 kw= ok=1
Cmd: preprocess
  insize=2440 outsize=1243 ok=1
Cmd: preprocess
  insize=2442 outsize=1245 ok=1
Cmd: preprocess
  insize=433 outsize=1179 ok=1
Cmd: preprocess
  insize=2448 outsize=1251 ok=1
Cmd: preprocess
  insize=2446 outsize=1249 ok=1
Cmd: preprocess
  insize=2446 outsize=1249 ok=1
Cmd: preprocess
  insize=2445 outsize=1248 ok=1
Cmd: preprocess
  insize=2429 outsize=1232 ok=1
Cmd: preprocess
  insize=2386 outsize=1189 ok=1
Cmd: preprocess
  insize=2351 outsize=1155 ok=1
Cmd: compileSnippet
  api=4 type=0 insize=1495 outsize=1274 kw= ok=1
Cmd: compileSnippet
  api=4 type=1 insize=1495 outsize=892 kw= ok=1
Cmd: preprocess
  insize=2442 outsize=1245 ok=1
Cmd: preprocess
  insize=2442 outsize=1245 ok=1
Cmd: preprocess
  insize=2440 outsize=1243 ok=1
Cmd: preprocess
  insize=2442 outsize=1245 ok=1
Cmd: preprocess
  insize=2448 outsize=1251 ok=1
Cmd: preprocess
  insize=2450 outsize=1253 ok=1
Cmd: preprocess
  insize=2448 outsize=1251 ok=1
Cmd: preprocess
  insize=2454 outsize=1257 ok=1
Cmd: preprocess
  insize=2464 outsize=1267 ok=1
Cmd: preprocess
  insize=2466 outsize=1269 ok=1
Cmd: preprocess
  insize=2026 outsize=1846 ok=1
Cmd: compileSnippet
  api=4 type=0 insize=5839 outsize=4232 kw=DIRECTIONAL SHADOWS_OFF LIGHTMAP_OFF DIRLIGHTMAP_OFF ok=1
Cmd: compileSnippet
  api=4 type=1 insize=5839 outsize=3419 kw=DIRECTIONAL SHADOWS_OFF LIGHTMAP_OFF DIRLIGHTMAP_OFF ok=1
Cmd: compileSnippet
  api=4 type=0 insize=3379 outsize=3720 kw=POINT ok=1
Cmd: compileSnippet
  api=4 type=1 insize=3379 outsize=2948 kw=POINT ok=1
Cmd: compileSnippet
  api=4 type=0 insize=3221 outsize=2915 kw= ok=1
Cmd: compileSnippet
  api=4 type=1 insize=3221 outsize=1550 kw= ok=1
Cmd: compileSnippet
  api=4 type=0 insize=5396 outsize=4004 kw=LIGHTMAP_OFF DIRLIGHTMAP_OFF HDR_LIGHT_PREPASS_OFF ok=1
Cmd: compileSnippet
  api=4 type=1 insize=5396 outsize=2858 kw=LIGHTMAP_OFF DIRLIGHTMAP_OFF HDR_LIGHT_PREPASS_OFF ok=1
Cmd: preprocess
  insize=1983 outsize=1803 ok=1
Cmd: compileSnippet
  api=4 type=0 insize=3379 outsize=2940 kw=DIRECTIONAL ok=1
Cmd: compileSnippet
  api=4 type=1 insize=3379 outsize=2477 kw=DIRECTIONAL ok=1
Cmd: preprocess
  insize=1983 outsize=1803 ok=1
Cmd: preprocess
  insize=1983 outsize=1803 ok=1
Cmd: preprocess
  insize=433 outsize=1179 ok=1
Cmd: preprocess
  insize=428 outsize=1175 ok=1
Cmd: compileSnippet
  api=4 type=0 insize=4278 outsize=2607 kw=DIRECTIONAL SHADOWS_OFF LIGHTMAP_OFF DIRLIGHTMAP_OFF ok=1
Cmd: compileSnippet
  api=4 type=1 insize=4278 outsize=1290 kw=DIRECTIONAL SHADOWS_OFF LIGHTMAP_OFF DIRLIGHTMAP_OFF ok=1
Cmd: compileSnippet
  api=4 type=0 insize=2119 outsize=2688 kw=POINT ok=1
Cmd: compileSnippet
  api=4 type=1 insize=2119 outsize=1363 kw=POINT ok=1
Cmd: compileSnippet
  api=4 type=0 insize=1782 outsize=1477 kw= ok=1
Cmd: compileSnippet
  api=4 type=1 insize=1782 outsize=632 kw= ok=1
Cmd: compileSnippet
  api=4 type=0 insize=3995 outsize=2883 kw=LIGHTMAP_OFF DIRLIGHTMAP_OFF HDR_LIGHT_PREPASS_OFF ok=1
Cmd: compileSnippet
  api=4 type=1 insize=3995 outsize=1177 kw=LIGHTMAP_OFF DIRLIGHTMAP_OFF HDR_LIGHT_PREPASS_OFF ok=1
Cmd: preprocess
  insize=428 outsize=1175 ok=1
Cmd: preprocess
  insize=428 outsize=1175 ok=1
Cmd: preprocess
  insize=382 outsize=1176 ok=1
Cmd: compileSnippet
  api=4 type=0 insize=4069 outsize=2387 kw=DIRECTIONAL SHADOWS_OFF LIGHTMAP_OFF DIRLIGHTMAP_OFF ok=1
Cmd: compileSnippet
  api=4 type=1 insize=4069 outsize=1087 kw=DIRECTIONAL SHADOWS_OFF LIGHTMAP_OFF DIRLIGHTMAP_OFF ok=1
Cmd: compileSnippet
  api=4 type=0 insize=2073 outsize=2688 kw=POINT ok=1
Cmd: compileSnippet
  api=4 type=1 insize=2073 outsize=1363 kw=POINT ok=1
Cmd: compileSnippet
  api=4 type=0 insize=1736 outsize=1477 kw= ok=1
Cmd: compileSnippet
  api=4 type=1 insize=1736 outsize=632 kw= ok=1
Cmd: compileSnippet
  api=4 type=0 insize=3814 outsize=2663 kw=LIGHTMAP_OFF DIRLIGHTMAP_OFF HDR_LIGHT_PREPASS_OFF ok=1
Cmd: compileSnippet
  api=4 type=1 insize=3814 outsize=973 kw=LIGHTMAP_OFF DIRLIGHTMAP_OFF HDR_LIGHT_PREPASS_OFF ok=1
Cmd: preprocess
  insize=379 outsize=1175 ok=1
Cmd: compileSnippet
  error: 2 plat 4 at (19): syntax error: unexpected token 'f'
  error: 2 plat 4 at (20): syntax error: unexpected token 'f'
  api=4 type=0 insize=4066 outsize=0 kw=DIRECTIONAL SHADOWS_OFF LIGHTMAP_OFF DIRLIGHTMAP_OFF ok=0
Cmd: preprocess
  insize=383 outsize=1176 ok=1
Cmd: compileSnippet
  api=4 type=0 insize=4070 outsize=2387 kw=DIRECTIONAL SHADOWS_OFF LIGHTMAP_OFF DIRLIGHTMAP_OFF ok=1
Cmd: compileSnippet
  api=4 type=1 insize=4070 outsize=925 kw=DIRECTIONAL SHADOWS_OFF LIGHTMAP_OFF DIRLIGHTMAP_OFF ok=1
Cmd: compileSnippet
  api=4 type=0 insize=2074 outsize=2688 kw=POINT ok=1
Cmd: compileSnippet
  api=4 type=1 insize=2074 outsize=1282 kw=POINT ok=1
Cmd: compileSnippet
  api=4 type=0 insize=1737 outsize=1477 kw= ok=1
Cmd: compileSnippet
  api=4 type=1 insize=1737 outsize=632 kw= ok=1
Cmd: compileSnippet
  api=4 type=0 insize=3815 outsize=2663 kw=LIGHTMAP_OFF DIRLIGHTMAP_OFF HDR_LIGHT_PREPASS_OFF ok=1
Cmd: compileSnippet
  api=4 type=1 insize=3815 outsize=892 kw=LIGHTMAP_OFF DIRLIGHTMAP_OFF HDR_LIGHT_PREPASS_OFF ok=1
Cmd: preprocess
  insize=429 outsize=1175 ok=1
Cmd: preprocess
  insize=429 outsize=1175 ok=1
Cmd: preprocess
  insize=429 outsize=1175 ok=1
